<?xml version="1.0" encoding="UTF-8"?>
<testng-results skipped="0" failed="0" total="1" passed="1">
  <reporter-output>
  </reporter-output>
  <suite name="Default suite" duration-ms="3225" started-at="2019-01-10T13:40:31Z" finished-at="2019-01-10T13:40:34Z">
    <groups>
    </groups>
    <test name="Default test" duration-ms="3225" started-at="2019-01-10T13:40:31Z" finished-at="2019-01-10T13:40:34Z">
      <class name="com.qa.tests.DeletAPITest">
        <test-method status="PASS" signature="sdtup()[pri:0, instance:com.qa.tests.DeletAPITest@4590c9c3]" name="sdtup" is-config="true" duration-ms="10" started-at="2019-01-10T19:10:31Z" finished-at="2019-01-10T19:10:31Z">
          <reporter-output>
          </reporter-output>
        </test-method> <!-- sdtup -->
        <test-method status="PASS" signature="deleteAPICall()[pri:0, instance:com.qa.tests.DeletAPITest@4590c9c3]" name="deleteAPICall" duration-ms="3188" started-at="2019-01-10T19:10:31Z" finished-at="2019-01-10T19:10:34Z">
          <reporter-output>
          </reporter-output>
        </test-method> <!-- deleteAPICall -->
      </class> <!-- com.qa.tests.DeletAPITest -->
    </test> <!-- Default test -->
  </suite> <!-- Default suite -->
</testng-results>
